2018-07-13 10:15:59.697  INFO 17184 --- [main] com.sk.p2p.TestDeviceService             : Starting TestDeviceService on DESKTOP-4L17K1N with PID 17184 (started by wsj in C:\Users\wsj\Desktop\mytools\git_home\beihang\p2p-camera)
2018-07-13 10:15:59.702 DEBUG 17184 --- [main] com.sk.p2p.TestDeviceService             : Running with Spring Boot v1.5.4.RELEASE, Spring v4.3.9.RELEASE
2018-07-13 10:15:59.704  INFO 17184 --- [main] com.sk.p2p.TestDeviceService             : The following profiles are active: test
2018-07-13 10:15:59.772  INFO 17184 --- [main] s.c.a.AnnotationConfigApplicationContext : Refreshing org.springframework.context.annotation.AnnotationConfigApplicationContext@57cf54e1: startup date [Fri Jul 13 10:15:59 CST 2018]; root of context hierarchy
2018-07-13 10:16:01.336  INFO 17184 --- [main] .s.d.r.c.RepositoryConfigurationDelegate : Multiple Spring Data modules found, entering strict repository configuration mode!
2018-07-13 10:16:04.693  WARN 17184 --- [main] s.c.a.AnnotationConfigApplicationContext : Exception encountered during context initialization - cancelling refresh attempt: org.springframework.beans.factory.UnsatisfiedDependencyException: Error creating bean with name 'hospitalEntityController': Unsatisfied dependency expressed through field 'hospitalEntityService'; nested exception is org.springframework.beans.factory.UnsatisfiedDependencyException: Error creating bean with name 'hospitalEntityServiceImpl': Unsatisfied dependency expressed through method 'findAll' parameter 0; nested exception is org.springframework.beans.factory.NoSuchBeanDefinitionException: No qualifying bean of type 'java.lang.String' available: expected at least 1 bean which qualifies as autowire candidate. Dependency annotations: {}
2018-07-13 10:16:04.707  INFO 17184 --- [main] utoConfigurationReportLoggingInitializer : 

Error starting ApplicationContext. To display the auto-configuration report re-run your application with 'debug' enabled.
2018-07-13 10:16:04.927 ERROR 17184 --- [main] o.s.b.d.LoggingFailureAnalysisReporter   : 

***************************
APPLICATION FAILED TO START
***************************

Description:

Parameter 0 of method findAll in com.sk.p2p.camera.service.impl.HospitalEntityServiceImpl required a bean of type 'java.lang.String' that could not be found.


Action:

Consider defining a bean of type 'java.lang.String' in your configuration.

2018-07-13 10:16:05.091  INFO 17184 --- [main] com.sk.p2p.TestDeviceService             : Starting TestDeviceService on DESKTOP-4L17K1N with PID 17184 (started by wsj in C:\Users\wsj\Desktop\mytools\git_home\beihang\p2p-camera)
2018-07-13 10:16:05.092 DEBUG 17184 --- [main] com.sk.p2p.TestDeviceService             : Running with Spring Boot v1.5.4.RELEASE, Spring v4.3.9.RELEASE
2018-07-13 10:16:05.092  INFO 17184 --- [main] com.sk.p2p.TestDeviceService             : The following profiles are active: test
2018-07-13 10:16:05.097  INFO 17184 --- [main] s.c.a.AnnotationConfigApplicationContext : Refreshing org.springframework.context.annotation.AnnotationConfigApplicationContext@125f16b2: startup date [Fri Jul 13 10:16:05 CST 2018]; root of context hierarchy
2018-07-13 10:16:05.644  INFO 17184 --- [main] .s.d.r.c.RepositoryConfigurationDelegate : Multiple Spring Data modules found, entering strict repository configuration mode!
2018-07-13 10:16:06.689  WARN 17184 --- [main] s.c.a.AnnotationConfigApplicationContext : Exception encountered during context initialization - cancelling refresh attempt: org.springframework.beans.factory.UnsatisfiedDependencyException: Error creating bean with name 'hospitalEntityController': Unsatisfied dependency expressed through field 'hospitalEntityService'; nested exception is org.springframework.beans.factory.UnsatisfiedDependencyException: Error creating bean with name 'hospitalEntityServiceImpl': Unsatisfied dependency expressed through method 'findAll' parameter 0; nested exception is org.springframework.beans.factory.NoSuchBeanDefinitionException: No qualifying bean of type 'java.lang.String' available: expected at least 1 bean which qualifies as autowire candidate. Dependency annotations: {}
2018-07-13 10:16:06.696  INFO 17184 --- [main] utoConfigurationReportLoggingInitializer : 

Error starting ApplicationContext. To display the auto-configuration report re-run your application with 'debug' enabled.
2018-07-13 10:16:06.858 ERROR 17184 --- [main] o.s.b.d.LoggingFailureAnalysisReporter   : 

***************************
APPLICATION FAILED TO START
***************************

Description:

Parameter 0 of method findAll in com.sk.p2p.camera.service.impl.HospitalEntityServiceImpl required a bean of type 'java.lang.String' that could not be found.


Action:

Consider defining a bean of type 'java.lang.String' in your configuration.

2018-07-13 10:16:06.865 ERROR 17184 --- [main] o.s.test.context.TestContextManager      : Caught exception while allowing TestExecutionListener [org.springframework.boot.test.autoconfigure.SpringBootDependencyInjectionTestExecutionListener@80ec1f8] to prepare test instance [com.sk.p2p.TestDeviceService@971d0d8]

java.lang.IllegalStateException: Failed to load ApplicationContext
	at org.springframework.test.context.cache.DefaultCacheAwareContextLoaderDelegate.loadContext(DefaultCacheAwareContextLoaderDelegate.java:124) ~[spring-test-4.3.9.RELEASE.jar:4.3.9.RELEASE]
	at org.springframework.test.context.support.DefaultTestContext.getApplicationContext(DefaultTestContext.java:83) ~[spring-test-4.3.9.RELEASE.jar:4.3.9.RELEASE]
	at org.springframework.boot.test.autoconfigure.SpringBootDependencyInjectionTestExecutionListener.prepareTestInstance(SpringBootDependencyInjectionTestExecutionListener.java:47) ~[spring-boot-test-autoconfigure-1.5.4.RELEASE.jar:1.5.4.RELEASE]
	at org.springframework.test.context.TestContextManager.prepareTestInstance(TestContextManager.java:230) ~[spring-test-4.3.9.RELEASE.jar:4.3.9.RELEASE]
	at org.springframework.test.context.junit4.SpringJUnit4ClassRunner.createTest(SpringJUnit4ClassRunner.java:228) [spring-test-4.3.9.RELEASE.jar:4.3.9.RELEASE]
	at org.springframework.test.context.junit4.SpringJUnit4ClassRunner$1.runReflectiveCall(SpringJUnit4ClassRunner.java:287) [spring-test-4.3.9.RELEASE.jar:4.3.9.RELEASE]
	at org.junit.internal.runners.model.ReflectiveCallable.run(ReflectiveCallable.java:12) [junit-4.12.jar:4.12]
	at org.springframework.test.context.junit4.SpringJUnit4ClassRunner.methodBlock(SpringJUnit4ClassRunner.java:289) [spring-test-4.3.9.RELEASE.jar:4.3.9.RELEASE]
	at org.springframework.test.context.junit4.SpringJUnit4ClassRunner.runChild(SpringJUnit4ClassRunner.java:247) [spring-test-4.3.9.RELEASE.jar:4.3.9.RELEASE]
	at org.springframework.test.context.junit4.SpringJUnit4ClassRunner.runChild(SpringJUnit4ClassRunner.java:94) [spring-test-4.3.9.RELEASE.jar:4.3.9.RELEASE]
	at org.junit.runners.ParentRunner$3.run(ParentRunner.java:290) [junit-4.12.jar:4.12]
	at org.junit.runners.ParentRunner$1.schedule(ParentRunner.java:71) [junit-4.12.jar:4.12]
	at org.junit.runners.ParentRunner.runChildren(ParentRunner.java:288) [junit-4.12.jar:4.12]
	at org.junit.runners.ParentRunner.access$000(ParentRunner.java:58) [junit-4.12.jar:4.12]
	at org.junit.runners.ParentRunner$2.evaluate(ParentRunner.java:268) [junit-4.12.jar:4.12]
	at org.springframework.test.context.junit4.statements.RunBeforeTestClassCallbacks.evaluate(RunBeforeTestClassCallbacks.java:61) [spring-test-4.3.9.RELEASE.jar:4.3.9.RELEASE]
	at org.springframework.test.context.junit4.statements.RunAfterTestClassCallbacks.evaluate(RunAfterTestClassCallbacks.java:70) [spring-test-4.3.9.RELEASE.jar:4.3.9.RELEASE]
	at org.junit.runners.ParentRunner.run(ParentRunner.java:363) [junit-4.12.jar:4.12]
	at org.springframework.test.context.junit4.SpringJUnit4ClassRunner.run(SpringJUnit4ClassRunner.java:191) [spring-test-4.3.9.RELEASE.jar:4.3.9.RELEASE]
	at org.junit.runner.JUnitCore.run(JUnitCore.java:137) [junit-4.12.jar:4.12]
	at com.intellij.junit4.JUnit4IdeaTestRunner.startRunnerWithArgs(JUnit4IdeaTestRunner.java:78) [junit-rt.jar:na]
	at com.intellij.rt.execution.junit.JUnitStarter.prepareStreamsAndStart(JUnitStarter.java:212) [junit-rt.jar:na]
	at com.intellij.rt.execution.junit.JUnitStarter.main(JUnitStarter.java:68) [junit-rt.jar:na]
	at sun.reflect.NativeMethodAccessorImpl.invoke0(Native Method) ~[na:1.8.0_144]
	at sun.reflect.NativeMethodAccessorImpl.invoke(NativeMethodAccessorImpl.java:62) ~[na:1.8.0_144]
	at sun.reflect.DelegatingMethodAccessorImpl.invoke(DelegatingMethodAccessorImpl.java:43) ~[na:1.8.0_144]
	at java.lang.reflect.Method.invoke(Method.java:498) ~[na:1.8.0_144]
	at com.intellij.rt.execution.application.AppMain.main(AppMain.java:140) [idea_rt.jar:na]
Caused by: org.springframework.beans.factory.UnsatisfiedDependencyException: Error creating bean with name 'hospitalEntityController': Unsatisfied dependency expressed through field 'hospitalEntityService'; nested exception is org.springframework.beans.factory.UnsatisfiedDependencyException: Error creating bean with name 'hospitalEntityServiceImpl': Unsatisfied dependency expressed through method 'findAll' parameter 0; nested exception is org.springframework.beans.factory.NoSuchBeanDefinitionException: No qualifying bean of type 'java.lang.String' available: expected at least 1 bean which qualifies as autowire candidate. Dependency annotations: {}
	at org.springframework.beans.factory.annotation.AutowiredAnnotationBeanPostProcessor$AutowiredFieldElement.inject(AutowiredAnnotationBeanPostProcessor.java:588) ~[spring-beans-4.3.9.RELEASE.jar:4.3.9.RELEASE]
	at org.springframework.beans.factory.annotation.InjectionMetadata.inject(InjectionMetadata.java:88) ~[spring-beans-4.3.9.RELEASE.jar:4.3.9.RELEASE]
	at org.springframework.beans.factory.annotation.AutowiredAnnotationBeanPostProcessor.postProcessPropertyValues(AutowiredAnnotationBeanPostProcessor.java:366) ~[spring-beans-4.3.9.RELEASE.jar:4.3.9.RELEASE]
	at org.springframework.beans.factory.support.AbstractAutowireCapableBeanFactory.populateBean(AbstractAutowireCapableBeanFactory.java:1264) ~[spring-beans-4.3.9.RELEASE.jar:4.3.9.RELEASE]
	at org.springframework.beans.factory.support.AbstractAutowireCapableBeanFactory.doCreateBean(AbstractAutowireCapableBeanFactory.java:553) ~[spring-beans-4.3.9.RELEASE.jar:4.3.9.RELEASE]
	at org.springframework.beans.factory.support.AbstractAutowireCapableBeanFactory.createBean(AbstractAutowireCapableBeanFactory.java:483) ~[spring-beans-4.3.9.RELEASE.jar:4.3.9.RELEASE]
	at org.springframework.beans.factory.support.AbstractBeanFactory$1.getObject(AbstractBeanFactory.java:306) ~[spring-beans-4.3.9.RELEASE.jar:4.3.9.RELEASE]
	at org.springframework.beans.factory.support.DefaultSingletonBeanRegistry.getSingleton(DefaultSingletonBeanRegistry.java:230) ~[spring-beans-4.3.9.RELEASE.jar:4.3.9.RELEASE]
	at org.springframework.beans.factory.support.AbstractBeanFactory.doGetBean(AbstractBeanFactory.java:302) ~[spring-beans-4.3.9.RELEASE.jar:4.3.9.RELEASE]
	at org.springframework.beans.factory.support.AbstractBeanFactory.getBean(AbstractBeanFactory.java:197) ~[spring-beans-4.3.9.RELEASE.jar:4.3.9.RELEASE]
	at org.springframework.beans.factory.support.DefaultListableBeanFactory.preInstantiateSingletons(DefaultListableBeanFactory.java:761) ~[spring-beans-4.3.9.RELEASE.jar:4.3.9.RELEASE]
	at org.springframework.context.support.AbstractApplicationContext.finishBeanFactoryInitialization(AbstractApplicationContext.java:867) ~[spring-context-4.3.9.RELEASE.jar:4.3.9.RELEASE]
	at org.springframework.context.support.AbstractApplicationContext.refresh(AbstractApplicationContext.java:543) ~[spring-context-4.3.9.RELEASE.jar:4.3.9.RELEASE]
	at org.springframework.boot.SpringApplication.refresh(SpringApplication.java:693) ~[spring-boot-1.5.4.RELEASE.jar:1.5.4.RELEASE]
	at org.springframework.boot.SpringApplication.refreshContext(SpringApplication.java:360) ~[spring-boot-1.5.4.RELEASE.jar:1.5.4.RELEASE]
	at org.springframework.boot.SpringApplication.run(SpringApplication.java:303) ~[spring-boot-1.5.4.RELEASE.jar:1.5.4.RELEASE]
	at org.springframework.boot.test.context.SpringBootContextLoader.loadContext(SpringBootContextLoader.java:120) ~[spring-boot-test-1.5.4.RELEASE.jar:1.5.4.RELEASE]
	at org.springframework.test.context.cache.DefaultCacheAwareContextLoaderDelegate.loadContextInternal(DefaultCacheAwareContextLoaderDelegate.java:98) ~[spring-test-4.3.9.RELEASE.jar:4.3.9.RELEASE]
	at org.springframework.test.context.cache.DefaultCacheAwareContextLoaderDelegate.loadContext(DefaultCacheAwareContextLoaderDelegate.java:116) ~[spring-test-4.3.9.RELEASE.jar:4.3.9.RELEASE]
	... 27 common frames omitted
Caused by: org.springframework.beans.factory.UnsatisfiedDependencyException: Error creating bean with name 'hospitalEntityServiceImpl': Unsatisfied dependency expressed through method 'findAll' parameter 0; nested exception is org.springframework.beans.factory.NoSuchBeanDefinitionException: No qualifying bean of type 'java.lang.String' available: expected at least 1 bean which qualifies as autowire candidate. Dependency annotations: {}
	at org.springframework.beans.factory.annotation.AutowiredAnnotationBeanPostProcessor$AutowiredMethodElement.inject(AutowiredAnnotationBeanPostProcessor.java:667) ~[spring-beans-4.3.9.RELEASE.jar:4.3.9.RELEASE]
	at org.springframework.beans.factory.annotation.InjectionMetadata.inject(InjectionMetadata.java:88) ~[spring-beans-4.3.9.RELEASE.jar:4.3.9.RELEASE]
	at org.springframework.beans.factory.annotation.AutowiredAnnotationBeanPostProcessor.postProcessPropertyValues(AutowiredAnnotationBeanPostProcessor.java:366) ~[spring-beans-4.3.9.RELEASE.jar:4.3.9.RELEASE]
	at org.springframework.beans.factory.support.AbstractAutowireCapableBeanFactory.populateBean(AbstractAutowireCapableBeanFactory.java:1264) ~[spring-beans-4.3.9.RELEASE.jar:4.3.9.RELEASE]
	at org.springframework.beans.factory.support.AbstractAutowireCapableBeanFactory.doCreateBean(AbstractAutowireCapableBeanFactory.java:553) ~[spring-beans-4.3.9.RELEASE.jar:4.3.9.RELEASE]
	at org.springframework.beans.factory.support.AbstractAutowireCapableBeanFactory.createBean(AbstractAutowireCapableBeanFactory.java:483) ~[spring-beans-4.3.9.RELEASE.jar:4.3.9.RELEASE]
	at org.springframework.beans.factory.support.AbstractBeanFactory$1.getObject(AbstractBeanFactory.java:306) ~[spring-beans-4.3.9.RELEASE.jar:4.3.9.RELEASE]
	at org.springframework.beans.factory.support.DefaultSingletonBeanRegistry.getSingleton(DefaultSingletonBeanRegistry.java:230) ~[spring-beans-4.3.9.RELEASE.jar:4.3.9.RELEASE]
	at org.springframework.beans.factory.support.AbstractBeanFactory.doGetBean(AbstractBeanFactory.java:302) ~[spring-beans-4.3.9.RELEASE.jar:4.3.9.RELEASE]
	at org.springframework.beans.factory.support.AbstractBeanFactory.getBean(AbstractBeanFactory.java:202) ~[spring-beans-4.3.9.RELEASE.jar:4.3.9.RELEASE]
	at org.springframework.beans.factory.config.DependencyDescriptor.resolveCandidate(DependencyDescriptor.java:208) ~[spring-beans-4.3.9.RELEASE.jar:4.3.9.RELEASE]
	at org.springframework.beans.factory.support.DefaultListableBeanFactory.doResolveDependency(DefaultListableBeanFactory.java:1138) ~[spring-beans-4.3.9.RELEASE.jar:4.3.9.RELEASE]
	at org.springframework.beans.factory.support.DefaultListableBeanFactory.resolveDependency(DefaultListableBeanFactory.java:1066) ~[spring-beans-4.3.9.RELEASE.jar:4.3.9.RELEASE]
	at org.springframework.beans.factory.annotation.AutowiredAnnotationBeanPostProcessor$AutowiredFieldElement.inject(AutowiredAnnotationBeanPostProcessor.java:585) ~[spring-beans-4.3.9.RELEASE.jar:4.3.9.RELEASE]
	... 45 common frames omitted
Caused by: org.springframework.beans.factory.NoSuchBeanDefinitionException: No qualifying bean of type 'java.lang.String' available: expected at least 1 bean which qualifies as autowire candidate. Dependency annotations: {}
	at org.springframework.beans.factory.support.DefaultListableBeanFactory.raiseNoMatchingBeanFound(DefaultListableBeanFactory.java:1493) ~[spring-beans-4.3.9.RELEASE.jar:4.3.9.RELEASE]
	at org.springframework.beans.factory.support.DefaultListableBeanFactory.doResolveDependency(DefaultListableBeanFactory.java:1104) ~[spring-beans-4.3.9.RELEASE.jar:4.3.9.RELEASE]
	at org.springframework.beans.factory.support.DefaultListableBeanFactory.resolveDependency(DefaultListableBeanFactory.java:1066) ~[spring-beans-4.3.9.RELEASE.jar:4.3.9.RELEASE]
	at org.springframework.beans.factory.annotation.AutowiredAnnotationBeanPostProcessor$AutowiredMethodElement.inject(AutowiredAnnotationBeanPostProcessor.java:659) ~[spring-beans-4.3.9.RELEASE.jar:4.3.9.RELEASE]
	... 58 common frames omitted

2018-07-13 11:51:58.620  INFO 13208 --- [main] com.sk.p2p.TestDeviceService             : Starting TestDeviceService on DESKTOP-4L17K1N with PID 13208 (started by wsj in C:\Users\wsj\Desktop\mytools\git_home\beihang\p2p-camera)
2018-07-13 11:51:58.624 DEBUG 13208 --- [main] com.sk.p2p.TestDeviceService             : Running with Spring Boot v1.5.4.RELEASE, Spring v4.3.9.RELEASE
2018-07-13 11:51:58.627  INFO 13208 --- [main] com.sk.p2p.TestDeviceService             : The following profiles are active: test
2018-07-13 11:51:58.682  INFO 13208 --- [main] s.c.a.AnnotationConfigApplicationContext : Refreshing org.springframework.context.annotation.AnnotationConfigApplicationContext@57cf54e1: startup date [Fri Jul 13 11:51:58 CST 2018]; root of context hierarchy
2018-07-13 11:51:59.975  INFO 13208 --- [main] .s.d.r.c.RepositoryConfigurationDelegate : Multiple Spring Data modules found, entering strict repository configuration mode!
2018-07-13 11:52:04.320  WARN 13208 --- [main] s.c.a.AnnotationConfigApplicationContext : Exception encountered during context initialization - cancelling refresh attempt: org.springframework.beans.factory.UnsatisfiedDependencyException: Error creating bean with name 'hospitalEntityController': Unsatisfied dependency expressed through field 'hospitalEntityService'; nested exception is org.springframework.beans.factory.UnsatisfiedDependencyException: Error creating bean with name 'hospitalEntityServiceImpl': Unsatisfied dependency expressed through method 'findAllHospital' parameter 0; nested exception is org.springframework.beans.factory.NoSuchBeanDefinitionException: No qualifying bean of type 'java.lang.String' available: expected at least 1 bean which qualifies as autowire candidate. Dependency annotations: {}
2018-07-13 11:52:04.339  INFO 13208 --- [main] utoConfigurationReportLoggingInitializer : 

Error starting ApplicationContext. To display the auto-configuration report re-run your application with 'debug' enabled.
2018-07-13 11:52:04.610 ERROR 13208 --- [main] o.s.b.d.LoggingFailureAnalysisReporter   : 

***************************
APPLICATION FAILED TO START
***************************

Description:

Parameter 0 of method findAllHospital in com.sk.p2p.camera.service.impl.HospitalEntityServiceImpl required a bean of type 'java.lang.String' that could not be found.


Action:

Consider defining a bean of type 'java.lang.String' in your configuration.

2018-07-13 11:52:04.771  INFO 13208 --- [main] com.sk.p2p.TestDeviceService             : Starting TestDeviceService on DESKTOP-4L17K1N with PID 13208 (started by wsj in C:\Users\wsj\Desktop\mytools\git_home\beihang\p2p-camera)
2018-07-13 11:52:04.772 DEBUG 13208 --- [main] com.sk.p2p.TestDeviceService             : Running with Spring Boot v1.5.4.RELEASE, Spring v4.3.9.RELEASE
2018-07-13 11:52:04.773  INFO 13208 --- [main] com.sk.p2p.TestDeviceService             : The following profiles are active: test
2018-07-13 11:52:04.780  INFO 13208 --- [main] s.c.a.AnnotationConfigApplicationContext : Refreshing org.springframework.context.annotation.AnnotationConfigApplicationContext@125f16b2: startup date [Fri Jul 13 11:52:04 CST 2018]; root of context hierarchy
2018-07-13 11:52:05.385  INFO 13208 --- [main] .s.d.r.c.RepositoryConfigurationDelegate : Multiple Spring Data modules found, entering strict repository configuration mode!
2018-07-13 11:52:06.434  WARN 13208 --- [main] s.c.a.AnnotationConfigApplicationContext : Exception encountered during context initialization - cancelling refresh attempt: org.springframework.beans.factory.UnsatisfiedDependencyException: Error creating bean with name 'hospitalEntityController': Unsatisfied dependency expressed through field 'hospitalEntityService'; nested exception is org.springframework.beans.factory.UnsatisfiedDependencyException: Error creating bean with name 'hospitalEntityServiceImpl': Unsatisfied dependency expressed through method 'findAllHospital' parameter 0; nested exception is org.springframework.beans.factory.NoSuchBeanDefinitionException: No qualifying bean of type 'java.lang.String' available: expected at least 1 bean which qualifies as autowire candidate. Dependency annotations: {}
2018-07-13 11:52:06.441  INFO 13208 --- [main] utoConfigurationReportLoggingInitializer : 

Error starting ApplicationContext. To display the auto-configuration report re-run your application with 'debug' enabled.
2018-07-13 11:52:06.610 ERROR 13208 --- [main] o.s.b.d.LoggingFailureAnalysisReporter   : 

***************************
APPLICATION FAILED TO START
***************************

Description:

Parameter 0 of method findAllHospital in com.sk.p2p.camera.service.impl.HospitalEntityServiceImpl required a bean of type 'java.lang.String' that could not be found.


Action:

Consider defining a bean of type 'java.lang.String' in your configuration.

2018-07-13 11:52:06.618 ERROR 13208 --- [main] o.s.test.context.TestContextManager      : Caught exception while allowing TestExecutionListener [org.springframework.boot.test.autoconfigure.SpringBootDependencyInjectionTestExecutionListener@80ec1f8] to prepare test instance [com.sk.p2p.TestDeviceService@971d0d8]

java.lang.IllegalStateException: Failed to load ApplicationContext
	at org.springframework.test.context.cache.DefaultCacheAwareContextLoaderDelegate.loadContext(DefaultCacheAwareContextLoaderDelegate.java:124) ~[spring-test-4.3.9.RELEASE.jar:4.3.9.RELEASE]
	at org.springframework.test.context.support.DefaultTestContext.getApplicationContext(DefaultTestContext.java:83) ~[spring-test-4.3.9.RELEASE.jar:4.3.9.RELEASE]
	at org.springframework.boot.test.autoconfigure.SpringBootDependencyInjectionTestExecutionListener.prepareTestInstance(SpringBootDependencyInjectionTestExecutionListener.java:47) ~[spring-boot-test-autoconfigure-1.5.4.RELEASE.jar:1.5.4.RELEASE]
	at org.springframework.test.context.TestContextManager.prepareTestInstance(TestContextManager.java:230) ~[spring-test-4.3.9.RELEASE.jar:4.3.9.RELEASE]
	at org.springframework.test.context.junit4.SpringJUnit4ClassRunner.createTest(SpringJUnit4ClassRunner.java:228) [spring-test-4.3.9.RELEASE.jar:4.3.9.RELEASE]
	at org.springframework.test.context.junit4.SpringJUnit4ClassRunner$1.runReflectiveCall(SpringJUnit4ClassRunner.java:287) [spring-test-4.3.9.RELEASE.jar:4.3.9.RELEASE]
	at org.junit.internal.runners.model.ReflectiveCallable.run(ReflectiveCallable.java:12) [junit-4.12.jar:4.12]
	at org.springframework.test.context.junit4.SpringJUnit4ClassRunner.methodBlock(SpringJUnit4ClassRunner.java:289) [spring-test-4.3.9.RELEASE.jar:4.3.9.RELEASE]
	at org.springframework.test.context.junit4.SpringJUnit4ClassRunner.runChild(SpringJUnit4ClassRunner.java:247) [spring-test-4.3.9.RELEASE.jar:4.3.9.RELEASE]
	at org.springframework.test.context.junit4.SpringJUnit4ClassRunner.runChild(SpringJUnit4ClassRunner.java:94) [spring-test-4.3.9.RELEASE.jar:4.3.9.RELEASE]
	at org.junit.runners.ParentRunner$3.run(ParentRunner.java:290) [junit-4.12.jar:4.12]
	at org.junit.runners.ParentRunner$1.schedule(ParentRunner.java:71) [junit-4.12.jar:4.12]
	at org.junit.runners.ParentRunner.runChildren(ParentRunner.java:288) [junit-4.12.jar:4.12]
	at org.junit.runners.ParentRunner.access$000(ParentRunner.java:58) [junit-4.12.jar:4.12]
	at org.junit.runners.ParentRunner$2.evaluate(ParentRunner.java:268) [junit-4.12.jar:4.12]
	at org.springframework.test.context.junit4.statements.RunBeforeTestClassCallbacks.evaluate(RunBeforeTestClassCallbacks.java:61) [spring-test-4.3.9.RELEASE.jar:4.3.9.RELEASE]
	at org.springframework.test.context.junit4.statements.RunAfterTestClassCallbacks.evaluate(RunAfterTestClassCallbacks.java:70) [spring-test-4.3.9.RELEASE.jar:4.3.9.RELEASE]
	at org.junit.runners.ParentRunner.run(ParentRunner.java:363) [junit-4.12.jar:4.12]
	at org.springframework.test.context.junit4.SpringJUnit4ClassRunner.run(SpringJUnit4ClassRunner.java:191) [spring-test-4.3.9.RELEASE.jar:4.3.9.RELEASE]
	at org.junit.runner.JUnitCore.run(JUnitCore.java:137) [junit-4.12.jar:4.12]
	at com.intellij.junit4.JUnit4IdeaTestRunner.startRunnerWithArgs(JUnit4IdeaTestRunner.java:78) [junit-rt.jar:na]
	at com.intellij.rt.execution.junit.JUnitStarter.prepareStreamsAndStart(JUnitStarter.java:212) [junit-rt.jar:na]
	at com.intellij.rt.execution.junit.JUnitStarter.main(JUnitStarter.java:68) [junit-rt.jar:na]
	at sun.reflect.NativeMethodAccessorImpl.invoke0(Native Method) ~[na:1.8.0_144]
	at sun.reflect.NativeMethodAccessorImpl.invoke(NativeMethodAccessorImpl.java:62) ~[na:1.8.0_144]
	at sun.reflect.DelegatingMethodAccessorImpl.invoke(DelegatingMethodAccessorImpl.java:43) ~[na:1.8.0_144]
	at java.lang.reflect.Method.invoke(Method.java:498) ~[na:1.8.0_144]
	at com.intellij.rt.execution.application.AppMain.main(AppMain.java:140) [idea_rt.jar:na]
Caused by: org.springframework.beans.factory.UnsatisfiedDependencyException: Error creating bean with name 'hospitalEntityController': Unsatisfied dependency expressed through field 'hospitalEntityService'; nested exception is org.springframework.beans.factory.UnsatisfiedDependencyException: Error creating bean with name 'hospitalEntityServiceImpl': Unsatisfied dependency expressed through method 'findAllHospital' parameter 0; nested exception is org.springframework.beans.factory.NoSuchBeanDefinitionException: No qualifying bean of type 'java.lang.String' available: expected at least 1 bean which qualifies as autowire candidate. Dependency annotations: {}
	at org.springframework.beans.factory.annotation.AutowiredAnnotationBeanPostProcessor$AutowiredFieldElement.inject(AutowiredAnnotationBeanPostProcessor.java:588) ~[spring-beans-4.3.9.RELEASE.jar:4.3.9.RELEASE]
	at org.springframework.beans.factory.annotation.InjectionMetadata.inject(InjectionMetadata.java:88) ~[spring-beans-4.3.9.RELEASE.jar:4.3.9.RELEASE]
	at org.springframework.beans.factory.annotation.AutowiredAnnotationBeanPostProcessor.postProcessPropertyValues(AutowiredAnnotationBeanPostProcessor.java:366) ~[spring-beans-4.3.9.RELEASE.jar:4.3.9.RELEASE]
	at org.springframework.beans.factory.support.AbstractAutowireCapableBeanFactory.populateBean(AbstractAutowireCapableBeanFactory.java:1264) ~[spring-beans-4.3.9.RELEASE.jar:4.3.9.RELEASE]
	at org.springframework.beans.factory.support.AbstractAutowireCapableBeanFactory.doCreateBean(AbstractAutowireCapableBeanFactory.java:553) ~[spring-beans-4.3.9.RELEASE.jar:4.3.9.RELEASE]
	at org.springframework.beans.factory.support.AbstractAutowireCapableBeanFactory.createBean(AbstractAutowireCapableBeanFactory.java:483) ~[spring-beans-4.3.9.RELEASE.jar:4.3.9.RELEASE]
	at org.springframework.beans.factory.support.AbstractBeanFactory$1.getObject(AbstractBeanFactory.java:306) ~[spring-beans-4.3.9.RELEASE.jar:4.3.9.RELEASE]
	at org.springframework.beans.factory.support.DefaultSingletonBeanRegistry.getSingleton(DefaultSingletonBeanRegistry.java:230) ~[spring-beans-4.3.9.RELEASE.jar:4.3.9.RELEASE]
	at org.springframework.beans.factory.support.AbstractBeanFactory.doGetBean(AbstractBeanFactory.java:302) ~[spring-beans-4.3.9.RELEASE.jar:4.3.9.RELEASE]
	at org.springframework.beans.factory.support.AbstractBeanFactory.getBean(AbstractBeanFactory.java:197) ~[spring-beans-4.3.9.RELEASE.jar:4.3.9.RELEASE]
	at org.springframework.beans.factory.support.DefaultListableBeanFactory.preInstantiateSingletons(DefaultListableBeanFactory.java:761) ~[spring-beans-4.3.9.RELEASE.jar:4.3.9.RELEASE]
	at org.springframework.context.support.AbstractApplicationContext.finishBeanFactoryInitialization(AbstractApplicationContext.java:867) ~[spring-context-4.3.9.RELEASE.jar:4.3.9.RELEASE]
	at org.springframework.context.support.AbstractApplicationContext.refresh(AbstractApplicationContext.java:543) ~[spring-context-4.3.9.RELEASE.jar:4.3.9.RELEASE]
	at org.springframework.boot.SpringApplication.refresh(SpringApplication.java:693) ~[spring-boot-1.5.4.RELEASE.jar:1.5.4.RELEASE]
	at org.springframework.boot.SpringApplication.refreshContext(SpringApplication.java:360) ~[spring-boot-1.5.4.RELEASE.jar:1.5.4.RELEASE]
	at org.springframework.boot.SpringApplication.run(SpringApplication.java:303) ~[spring-boot-1.5.4.RELEASE.jar:1.5.4.RELEASE]
	at org.springframework.boot.test.context.SpringBootContextLoader.loadContext(SpringBootContextLoader.java:120) ~[spring-boot-test-1.5.4.RELEASE.jar:1.5.4.RELEASE]
	at org.springframework.test.context.cache.DefaultCacheAwareContextLoaderDelegate.loadContextInternal(DefaultCacheAwareContextLoaderDelegate.java:98) ~[spring-test-4.3.9.RELEASE.jar:4.3.9.RELEASE]
	at org.springframework.test.context.cache.DefaultCacheAwareContextLoaderDelegate.loadContext(DefaultCacheAwareContextLoaderDelegate.java:116) ~[spring-test-4.3.9.RELEASE.jar:4.3.9.RELEASE]
	... 27 common frames omitted
Caused by: org.springframework.beans.factory.UnsatisfiedDependencyException: Error creating bean with name 'hospitalEntityServiceImpl': Unsatisfied dependency expressed through method 'findAllHospital' parameter 0; nested exception is org.springframework.beans.factory.NoSuchBeanDefinitionException: No qualifying bean of type 'java.lang.String' available: expected at least 1 bean which qualifies as autowire candidate. Dependency annotations: {}
	at org.springframework.beans.factory.annotation.AutowiredAnnotationBeanPostProcessor$AutowiredMethodElement.inject(AutowiredAnnotationBeanPostProcessor.java:667) ~[spring-beans-4.3.9.RELEASE.jar:4.3.9.RELEASE]
	at org.springframework.beans.factory.annotation.InjectionMetadata.inject(InjectionMetadata.java:88) ~[spring-beans-4.3.9.RELEASE.jar:4.3.9.RELEASE]
	at org.springframework.beans.factory.annotation.AutowiredAnnotationBeanPostProcessor.postProcessPropertyValues(AutowiredAnnotationBeanPostProcessor.java:366) ~[spring-beans-4.3.9.RELEASE.jar:4.3.9.RELEASE]
	at org.springframework.beans.factory.support.AbstractAutowireCapableBeanFactory.populateBean(AbstractAutowireCapableBeanFactory.java:1264) ~[spring-beans-4.3.9.RELEASE.jar:4.3.9.RELEASE]
	at org.springframework.beans.factory.support.AbstractAutowireCapableBeanFactory.doCreateBean(AbstractAutowireCapableBeanFactory.java:553) ~[spring-beans-4.3.9.RELEASE.jar:4.3.9.RELEASE]
	at org.springframework.beans.factory.support.AbstractAutowireCapableBeanFactory.createBean(AbstractAutowireCapableBeanFactory.java:483) ~[spring-beans-4.3.9.RELEASE.jar:4.3.9.RELEASE]
	at org.springframework.beans.factory.support.AbstractBeanFactory$1.getObject(AbstractBeanFactory.java:306) ~[spring-beans-4.3.9.RELEASE.jar:4.3.9.RELEASE]
	at org.springframework.beans.factory.support.DefaultSingletonBeanRegistry.getSingleton(DefaultSingletonBeanRegistry.java:230) ~[spring-beans-4.3.9.RELEASE.jar:4.3.9.RELEASE]
	at org.springframework.beans.factory.support.AbstractBeanFactory.doGetBean(AbstractBeanFactory.java:302) ~[spring-beans-4.3.9.RELEASE.jar:4.3.9.RELEASE]
	at org.springframework.beans.factory.support.AbstractBeanFactory.getBean(AbstractBeanFactory.java:202) ~[spring-beans-4.3.9.RELEASE.jar:4.3.9.RELEASE]
	at org.springframework.beans.factory.config.DependencyDescriptor.resolveCandidate(DependencyDescriptor.java:208) ~[spring-beans-4.3.9.RELEASE.jar:4.3.9.RELEASE]
	at org.springframework.beans.factory.support.DefaultListableBeanFactory.doResolveDependency(DefaultListableBeanFactory.java:1138) ~[spring-beans-4.3.9.RELEASE.jar:4.3.9.RELEASE]
	at org.springframework.beans.factory.support.DefaultListableBeanFactory.resolveDependency(DefaultListableBeanFactory.java:1066) ~[spring-beans-4.3.9.RELEASE.jar:4.3.9.RELEASE]
	at org.springframework.beans.factory.annotation.AutowiredAnnotationBeanPostProcessor$AutowiredFieldElement.inject(AutowiredAnnotationBeanPostProcessor.java:585) ~[spring-beans-4.3.9.RELEASE.jar:4.3.9.RELEASE]
	... 45 common frames omitted
Caused by: org.springframework.beans.factory.NoSuchBeanDefinitionException: No qualifying bean of type 'java.lang.String' available: expected at least 1 bean which qualifies as autowire candidate. Dependency annotations: {}
	at org.springframework.beans.factory.support.DefaultListableBeanFactory.raiseNoMatchingBeanFound(DefaultListableBeanFactory.java:1493) ~[spring-beans-4.3.9.RELEASE.jar:4.3.9.RELEASE]
	at org.springframework.beans.factory.support.DefaultListableBeanFactory.doResolveDependency(DefaultListableBeanFactory.java:1104) ~[spring-beans-4.3.9.RELEASE.jar:4.3.9.RELEASE]
	at org.springframework.beans.factory.support.DefaultListableBeanFactory.resolveDependency(DefaultListableBeanFactory.java:1066) ~[spring-beans-4.3.9.RELEASE.jar:4.3.9.RELEASE]
	at org.springframework.beans.factory.annotation.AutowiredAnnotationBeanPostProcessor$AutowiredMethodElement.inject(AutowiredAnnotationBeanPostProcessor.java:659) ~[spring-beans-4.3.9.RELEASE.jar:4.3.9.RELEASE]
	... 58 common frames omitted

2018-07-13 13:29:41.182  INFO 10328 --- [main] com.sk.p2p.TestDeviceService             : Starting TestDeviceService on DESKTOP-4L17K1N with PID 10328 (started by wsj in C:\Users\wsj\Desktop\mytools\git_home\beihang\p2p-camera)
2018-07-13 13:29:41.186 DEBUG 10328 --- [main] com.sk.p2p.TestDeviceService             : Running with Spring Boot v1.5.4.RELEASE, Spring v4.3.9.RELEASE
2018-07-13 13:29:41.187  INFO 10328 --- [main] com.sk.p2p.TestDeviceService             : The following profiles are active: test
2018-07-13 13:29:41.237  INFO 10328 --- [main] s.c.a.AnnotationConfigApplicationContext : Refreshing org.springframework.context.annotation.AnnotationConfigApplicationContext@57cf54e1: startup date [Fri Jul 13 13:29:41 CST 2018]; root of context hierarchy
2018-07-13 13:29:42.612  INFO 10328 --- [main] .s.d.r.c.RepositoryConfigurationDelegate : Multiple Spring Data modules found, entering strict repository configuration mode!
2018-07-13 13:29:48.380  INFO 10328 --- [main] com.sk.p2p.TestDeviceService             : Started TestDeviceService in 7.932 seconds (JVM running for 10.852)
2018-07-13 13:29:48.470  INFO 10328 --- [main] com.sk.base.utils.HttpUtils              : ThreadId:1,url:https://open.ys7.com/api/lapp/device/add
2018-07-13 13:29:48.475  INFO 10328 --- [main] com.sk.base.utils.HttpUtils              : ThreadId:1,request:deviceSerial=117091953&validateCode=XEQBOK&accessToken=at.082swmc2495iij5sc166t9kwa96ut525-2rsittod5y-0uronzl-iqj9gwg94
2018-07-13 13:29:49.735  INFO 10328 --- [main] com.sk.base.utils.HttpUtils              : ThreadId:1,response:{"msg":"accessToken过期或异常","code":"10002"}
2018-07-13 13:29:49.765  INFO 10328 --- [Thread-5] s.c.a.AnnotationConfigApplicationContext : Closing org.springframework.context.annotation.AnnotationConfigApplicationContext@57cf54e1: startup date [Fri Jul 13 13:29:41 CST 2018]; root of context hierarchy
2018-07-19 15:20:45.394  INFO 18512 --- [main] com.sk.p2p.TestDeviceService             : Starting TestDeviceService on DESKTOP-4L17K1N with PID 18512 (started by wsj in C:\Users\wsj\Desktop\mytools\git_home\beihang\p2p-camera)
2018-07-19 15:20:45.407 DEBUG 18512 --- [main] com.sk.p2p.TestDeviceService             : Running with Spring Boot v1.5.4.RELEASE, Spring v4.3.9.RELEASE
2018-07-19 15:20:45.408  INFO 18512 --- [main] com.sk.p2p.TestDeviceService             : The following profiles are active: test
2018-07-19 15:20:45.529  INFO 18512 --- [main] s.c.a.AnnotationConfigApplicationContext : Refreshing org.springframework.context.annotation.AnnotationConfigApplicationContext@5b03b9fe: startup date [Thu Jul 19 15:20:45 CST 2018]; root of context hierarchy
2018-07-19 15:20:47.553  INFO 18512 --- [main] .s.d.r.c.RepositoryConfigurationDelegate : Multiple Spring Data modules found, entering strict repository configuration mode!
2018-07-19 15:20:53.170  INFO 18512 --- [main] com.sk.p2p.TestDeviceService             : Started TestDeviceService in 8.744 seconds (JVM running for 11.647)
2018-07-19 15:20:53.267  INFO 18512 --- [main] com.sk.base.utils.HttpUtils              : ThreadId:1,url:https://localhost/api/lapp/device/add
2018-07-19 15:20:53.271  INFO 18512 --- [main] com.sk.base.utils.HttpUtils              : ThreadId:1,request:deviceSerial=117091953&validateCode=XEQBOK&accessToken=at.082swmc2495iij5sc166t9kwa96ut525-2rsittod5y-0uronzl-iqj9gwg94
2018-07-19 15:20:55.511  INFO 18512 --- [Thread-5] s.c.a.AnnotationConfigApplicationContext : Closing org.springframework.context.annotation.AnnotationConfigApplicationContext@5b03b9fe: startup date [Thu Jul 19 15:20:45 CST 2018]; root of context hierarchy
2018-07-19 15:23:10.057  INFO 14048 --- [main] com.sk.p2p.TestDeviceService             : Starting TestDeviceService on DESKTOP-4L17K1N with PID 14048 (started by wsj in C:\Users\wsj\Desktop\mytools\git_home\beihang\p2p-camera)
2018-07-19 15:23:10.061 DEBUG 14048 --- [main] com.sk.p2p.TestDeviceService             : Running with Spring Boot v1.5.4.RELEASE, Spring v4.3.9.RELEASE
2018-07-19 15:23:10.064  INFO 14048 --- [main] com.sk.p2p.TestDeviceService             : The following profiles are active: test
2018-07-19 15:23:10.134  INFO 14048 --- [main] s.c.a.AnnotationConfigApplicationContext : Refreshing org.springframework.context.annotation.AnnotationConfigApplicationContext@5b03b9fe: startup date [Thu Jul 19 15:23:10 CST 2018]; root of context hierarchy
2018-07-19 15:23:11.663  INFO 14048 --- [main] .s.d.r.c.RepositoryConfigurationDelegate : Multiple Spring Data modules found, entering strict repository configuration mode!
2018-07-19 15:23:16.440  INFO 14048 --- [main] com.sk.p2p.TestDeviceService             : Started TestDeviceService in 7.863 seconds (JVM running for 9.778)
2018-07-19 15:23:16.638  INFO 14048 --- [main] com.sk.base.utils.HttpUtils              : ThreadId:1,url:https://localhost:9000/api/lapp/device/add
2018-07-19 15:23:16.641  INFO 14048 --- [main] com.sk.base.utils.HttpUtils              : ThreadId:1,request:deviceSerial=117091953&validateCode=XEQBOK&accessToken=at.082swmc2495iij5sc166t9kwa96ut525-2rsittod5y-0uronzl-iqj9gwg94
2018-07-19 15:23:17.615  INFO 14048 --- [Thread-5] s.c.a.AnnotationConfigApplicationContext : Closing org.springframework.context.annotation.AnnotationConfigApplicationContext@5b03b9fe: startup date [Thu Jul 19 15:23:10 CST 2018]; root of context hierarchy
2018-07-19 15:31:00.546  INFO 7120 --- [main] com.sk.p2p.TestDeviceService             : Starting TestDeviceService on DESKTOP-4L17K1N with PID 7120 (started by wsj in C:\Users\wsj\Desktop\mytools\git_home\beihang\p2p-camera)
2018-07-19 15:31:00.551 DEBUG 7120 --- [main] com.sk.p2p.TestDeviceService             : Running with Spring Boot v1.5.4.RELEASE, Spring v4.3.9.RELEASE
2018-07-19 15:31:00.552  INFO 7120 --- [main] com.sk.p2p.TestDeviceService             : The following profiles are active: test
2018-07-19 15:31:00.614  INFO 7120 --- [main] s.c.a.AnnotationConfigApplicationContext : Refreshing org.springframework.context.annotation.AnnotationConfigApplicationContext@5b03b9fe: startup date [Thu Jul 19 15:31:00 CST 2018]; root of context hierarchy
2018-07-19 15:31:02.107  INFO 7120 --- [main] .s.d.r.c.RepositoryConfigurationDelegate : Multiple Spring Data modules found, entering strict repository configuration mode!
2018-07-19 15:31:06.924  INFO 7120 --- [main] com.sk.p2p.TestDeviceService             : Started TestDeviceService in 7.813 seconds (JVM running for 9.438)
2018-07-19 15:31:06.999  INFO 7120 --- [main] com.sk.base.utils.HttpUtils              : ThreadId:1,url:https://127.0.0.1:8080/api/v1/aaa/add
2018-07-19 15:31:07.003  INFO 7120 --- [main] com.sk.base.utils.HttpUtils              : ThreadId:1,request:deviceSerial=117091953&validateCode=XEQBOK&accessToken=at.082swmc2495iij5sc166t9kwa96ut525-2rsittod5y-0uronzl-iqj9gwg94
2018-07-19 15:31:07.900  INFO 7120 --- [Thread-5] s.c.a.AnnotationConfigApplicationContext : Closing org.springframework.context.annotation.AnnotationConfigApplicationContext@5b03b9fe: startup date [Thu Jul 19 15:31:00 CST 2018]; root of context hierarchy
2018-07-19 15:32:57.038  INFO 936 --- [main] com.sk.p2p.TestDeviceService             : Starting TestDeviceService on DESKTOP-4L17K1N with PID 936 (started by wsj in C:\Users\wsj\Desktop\mytools\git_home\beihang\p2p-camera)
2018-07-19 15:32:57.041 DEBUG 936 --- [main] com.sk.p2p.TestDeviceService             : Running with Spring Boot v1.5.4.RELEASE, Spring v4.3.9.RELEASE
2018-07-19 15:32:57.042  INFO 936 --- [main] com.sk.p2p.TestDeviceService             : The following profiles are active: test
2018-07-19 15:32:57.093  INFO 936 --- [main] s.c.a.AnnotationConfigApplicationContext : Refreshing org.springframework.context.annotation.AnnotationConfigApplicationContext@5b03b9fe: startup date [Thu Jul 19 15:32:57 CST 2018]; root of context hierarchy
2018-07-19 15:32:58.363  INFO 936 --- [main] .s.d.r.c.RepositoryConfigurationDelegate : Multiple Spring Data modules found, entering strict repository configuration mode!
2018-07-19 15:33:03.161  INFO 936 --- [main] com.sk.p2p.TestDeviceService             : Started TestDeviceService in 7.164 seconds (JVM running for 9.078)
2018-07-19 15:33:03.249  INFO 936 --- [main] com.sk.base.utils.HttpUtils              : ThreadId:1,url:https://127.0.0.1:8080/p2p-camera/api/v1/aaa/add
2018-07-19 15:33:03.254  INFO 936 --- [main] com.sk.base.utils.HttpUtils              : ThreadId:1,request:deviceSerial=117091953&validateCode=XEQBOK&accessToken=at.082swmc2495iij5sc166t9kwa96ut525-2rsittod5y-0uronzl-iqj9gwg94
2018-07-19 15:33:03.983  INFO 936 --- [Thread-5] s.c.a.AnnotationConfigApplicationContext : Closing org.springframework.context.annotation.AnnotationConfigApplicationContext@5b03b9fe: startup date [Thu Jul 19 15:32:57 CST 2018]; root of context hierarchy
2018-07-19 15:36:54.540  INFO 1292 --- [main] com.sk.p2p.TestDeviceService             : Starting TestDeviceService on DESKTOP-4L17K1N with PID 1292 (started by wsj in C:\Users\wsj\Desktop\mytools\git_home\beihang\p2p-camera)
2018-07-19 15:36:54.545 DEBUG 1292 --- [main] com.sk.p2p.TestDeviceService             : Running with Spring Boot v1.5.4.RELEASE, Spring v4.3.9.RELEASE
2018-07-19 15:36:54.555  INFO 1292 --- [main] com.sk.p2p.TestDeviceService             : The following profiles are active: test
2018-07-19 15:36:54.736  INFO 1292 --- [main] s.c.a.AnnotationConfigApplicationContext : Refreshing org.springframework.context.annotation.AnnotationConfigApplicationContext@5b03b9fe: startup date [Thu Jul 19 15:36:54 CST 2018]; root of context hierarchy
2018-07-19 15:36:56.106  INFO 1292 --- [main] .s.d.r.c.RepositoryConfigurationDelegate : Multiple Spring Data modules found, entering strict repository configuration mode!
2018-07-19 15:37:01.865  INFO 1292 --- [main] com.sk.p2p.TestDeviceService             : Started TestDeviceService in 8.602 seconds (JVM running for 10.279)
2018-07-19 15:37:01.943  INFO 1292 --- [main] com.sk.base.utils.HttpUtils              : ThreadId:1,url:http://127.0.0.1:8080/p2p-camera/api/v1/aaa/add
2018-07-19 15:37:01.949  INFO 1292 --- [main] com.sk.base.utils.HttpUtils              : ThreadId:1,request:deviceSerial=117091953&validateCode=XEQBOK&accessToken=at.082swmc2495iij5sc166t9kwa96ut525-2rsittod5y-0uronzl-iqj9gwg94
2018-07-19 15:37:02.897  INFO 1292 --- [Thread-5] s.c.a.AnnotationConfigApplicationContext : Closing org.springframework.context.annotation.AnnotationConfigApplicationContext@5b03b9fe: startup date [Thu Jul 19 15:36:54 CST 2018]; root of context hierarchy
2018-07-19 15:41:53.795  INFO 10816 --- [main] com.sk.p2p.TestDeviceService             : Starting TestDeviceService on DESKTOP-4L17K1N with PID 10816 (started by wsj in C:\Users\wsj\Desktop\mytools\git_home\beihang\p2p-camera)
2018-07-19 15:41:53.799 DEBUG 10816 --- [main] com.sk.p2p.TestDeviceService             : Running with Spring Boot v1.5.4.RELEASE, Spring v4.3.9.RELEASE
2018-07-19 15:41:53.800  INFO 10816 --- [main] com.sk.p2p.TestDeviceService             : The following profiles are active: test
2018-07-19 15:41:53.850  INFO 10816 --- [main] s.c.a.AnnotationConfigApplicationContext : Refreshing org.springframework.context.annotation.AnnotationConfigApplicationContext@5b03b9fe: startup date [Thu Jul 19 15:41:53 CST 2018]; root of context hierarchy
2018-07-19 15:41:55.147  INFO 10816 --- [main] .s.d.r.c.RepositoryConfigurationDelegate : Multiple Spring Data modules found, entering strict repository configuration mode!
2018-07-19 15:42:00.388  INFO 10816 --- [main] com.sk.p2p.TestDeviceService             : Started TestDeviceService in 7.679 seconds (JVM running for 9.518)
2018-07-19 15:42:00.610  INFO 10816 --- [main] com.sk.base.utils.HttpUtils              : ThreadId:1,url:http://127.0.0.1:8080/api/v1/aaa/add
2018-07-19 15:42:00.613  INFO 10816 --- [main] com.sk.base.utils.HttpUtils              : ThreadId:1,request:deviceSerial=117091953&validateCode=XEQBOK&accessToken=at.082swmc2495iij5sc166t9kwa96ut525-2rsittod5y-0uronzl-iqj9gwg94
2018-07-19 15:42:01.082  INFO 10816 --- [main] com.sk.base.utils.HttpUtils              : ThreadId:1,response:{"code":"1001"}
2018-07-19 15:42:01.092  INFO 10816 --- [Thread-5] s.c.a.AnnotationConfigApplicationContext : Closing org.springframework.context.annotation.AnnotationConfigApplicationContext@5b03b9fe: startup date [Thu Jul 19 15:41:53 CST 2018]; root of context hierarchy
2018-07-19 15:43:29.539  INFO 19220 --- [main] com.sk.p2p.TestDeviceService             : Starting TestDeviceService on DESKTOP-4L17K1N with PID 19220 (started by wsj in C:\Users\wsj\Desktop\mytools\git_home\beihang\p2p-camera)
2018-07-19 15:43:29.564 DEBUG 19220 --- [main] com.sk.p2p.TestDeviceService             : Running with Spring Boot v1.5.4.RELEASE, Spring v4.3.9.RELEASE
2018-07-19 15:43:29.565  INFO 19220 --- [main] com.sk.p2p.TestDeviceService             : The following profiles are active: test
2018-07-19 15:43:29.644  INFO 19220 --- [main] s.c.a.AnnotationConfigApplicationContext : Refreshing org.springframework.context.annotation.AnnotationConfigApplicationContext@5b03b9fe: startup date [Thu Jul 19 15:43:29 CST 2018]; root of context hierarchy
2018-07-19 15:43:31.119  INFO 19220 --- [main] .s.d.r.c.RepositoryConfigurationDelegate : Multiple Spring Data modules found, entering strict repository configuration mode!
2018-07-19 15:43:36.323  INFO 19220 --- [main] com.sk.p2p.TestDeviceService             : Started TestDeviceService in 8.089 seconds (JVM running for 9.857)
2018-07-19 15:43:36.390  INFO 19220 --- [main] com.sk.base.utils.HttpUtils              : ThreadId:1,url:http://127.0.0.1:8080/api/v1/aaa/add
2018-07-19 15:43:36.395  INFO 19220 --- [main] com.sk.base.utils.HttpUtils              : ThreadId:1,request:deviceSerial=117091953&validateCode=XEQBOK&accessToken=at.082swmc2495iij5sc166t9kwa96ut525-2rsittod5y-0uronzl-iqj9gwg94
2018-07-19 15:43:36.591  INFO 19220 --- [main] com.sk.base.utils.HttpUtils              : ThreadId:1,response:{"code":"1001"}
2018-07-19 15:43:36.619  INFO 19220 --- [Thread-5] s.c.a.AnnotationConfigApplicationContext : Closing org.springframework.context.annotation.AnnotationConfigApplicationContext@5b03b9fe: startup date [Thu Jul 19 15:43:29 CST 2018]; root of context hierarchy
2018-07-19 15:47:29.941  INFO 8400 --- [main] com.sk.p2p.TestDeviceService             : Starting TestDeviceService on DESKTOP-4L17K1N with PID 8400 (started by wsj in C:\Users\wsj\Desktop\mytools\git_home\beihang\p2p-camera)
2018-07-19 15:47:29.945 DEBUG 8400 --- [main] com.sk.p2p.TestDeviceService             : Running with Spring Boot v1.5.4.RELEASE, Spring v4.3.9.RELEASE
2018-07-19 15:47:29.946  INFO 8400 --- [main] com.sk.p2p.TestDeviceService             : The following profiles are active: test
2018-07-19 15:47:29.998  INFO 8400 --- [main] s.c.a.AnnotationConfigApplicationContext : Refreshing org.springframework.context.annotation.AnnotationConfigApplicationContext@5b03b9fe: startup date [Thu Jul 19 15:47:29 CST 2018]; root of context hierarchy
2018-07-19 15:47:31.296  INFO 8400 --- [main] .s.d.r.c.RepositoryConfigurationDelegate : Multiple Spring Data modules found, entering strict repository configuration mode!
2018-07-19 15:47:36.080  INFO 8400 --- [main] com.sk.p2p.TestDeviceService             : Started TestDeviceService in 6.978 seconds (JVM running for 8.94)
2018-07-19 15:47:36.141  INFO 8400 --- [main] com.sk.base.utils.HttpUtils              : ThreadId:1,url:http://127.0.0.1:8080/api/v1/aaa/add
2018-07-19 15:47:36.145  INFO 8400 --- [main] com.sk.base.utils.HttpUtils              : ThreadId:1,request:deviceSerial=117091953&validateCode=XEQBOK&accessToken=at.082swmc2495iij5sc166t9kwa96ut525-2rsittod5y-0uronzl-iqj9gwg94
2018-07-19 15:47:37.815  INFO 8400 --- [main] com.sk.base.utils.HttpUtils              : ThreadId:1,response:{"code":"1001"}
2018-07-19 15:47:37.840  INFO 8400 --- [Thread-5] s.c.a.AnnotationConfigApplicationContext : Closing org.springframework.context.annotation.AnnotationConfigApplicationContext@5b03b9fe: startup date [Thu Jul 19 15:47:29 CST 2018]; root of context hierarchy
2018-07-19 15:51:43.541  INFO 18684 --- [main] com.sk.p2p.TestDeviceService             : Starting TestDeviceService on DESKTOP-4L17K1N with PID 18684 (started by wsj in C:\Users\wsj\Desktop\mytools\git_home\beihang\p2p-camera)
2018-07-19 15:51:43.546 DEBUG 18684 --- [main] com.sk.p2p.TestDeviceService             : Running with Spring Boot v1.5.4.RELEASE, Spring v4.3.9.RELEASE
2018-07-19 15:51:43.548  INFO 18684 --- [main] com.sk.p2p.TestDeviceService             : The following profiles are active: test
2018-07-19 15:51:43.664  INFO 18684 --- [main] s.c.a.AnnotationConfigApplicationContext : Refreshing org.springframework.context.annotation.AnnotationConfigApplicationContext@5b03b9fe: startup date [Thu Jul 19 15:51:43 CST 2018]; root of context hierarchy
2018-07-19 15:51:46.753  INFO 18684 --- [main] .s.d.r.c.RepositoryConfigurationDelegate : Multiple Spring Data modules found, entering strict repository configuration mode!
2018-07-19 15:51:56.626  INFO 18684 --- [main] com.sk.p2p.TestDeviceService             : Started TestDeviceService in 14.819 seconds (JVM running for 17.873)
2018-07-19 15:51:56.818  INFO 18684 --- [main] com.sk.base.utils.HttpUtils              : ThreadId:1,url:http://127.0.0.1:8080/api/v1/aaa/add
2018-07-19 15:51:56.823  INFO 18684 --- [main] com.sk.base.utils.HttpUtils              : ThreadId:1,request:deviceSerial=117091953&validateCode=XEQBOK&accessToken=at.082swmc2495iij5sc166t9kwa96ut525-2rsittod5y-0uronzl-iqj9gwg94
2018-07-19 15:51:57.147  INFO 18684 --- [main] com.sk.base.utils.HttpUtils              : ThreadId:1,response:{"code":"1001"}
2018-07-19 15:51:57.156  INFO 18684 --- [Thread-5] s.c.a.AnnotationConfigApplicationContext : Closing org.springframework.context.annotation.AnnotationConfigApplicationContext@5b03b9fe: startup date [Thu Jul 19 15:51:43 CST 2018]; root of context hierarchy
2018-07-21 20:17:41.857  INFO 91189 --- [main] com.sk.p2p.TestDeviceService             : Starting TestDeviceService on wangshejiedeMBP.lan with PID 91189 (started by wangshengjie in /Users/wangshengjie/Desktop/mywork/git_home/test/beihang/p2p-camera)
2018-07-21 20:17:41.860 DEBUG 91189 --- [main] com.sk.p2p.TestDeviceService             : Running with Spring Boot v1.5.4.RELEASE, Spring v4.3.9.RELEASE
2018-07-21 20:17:41.860  INFO 91189 --- [main] com.sk.p2p.TestDeviceService             : The following profiles are active: test
2018-07-21 20:17:41.899  INFO 91189 --- [main] s.c.a.AnnotationConfigApplicationContext : Refreshing org.springframework.context.annotation.AnnotationConfigApplicationContext@d3957fe: startup date [Sat Jul 21 20:17:41 CST 2018]; root of context hierarchy
2018-07-21 20:17:42.582  INFO 91189 --- [main] .s.d.r.c.RepositoryConfigurationDelegate : Multiple Spring Data modules found, entering strict repository configuration mode!
2018-07-21 20:17:46.626  INFO 91189 --- [main] com.sk.p2p.TestDeviceService             : Started TestDeviceService in 5.184 seconds (JVM running for 6.054)
2018-07-21 20:17:46.667  INFO 91189 --- [main] com.sk.base.utils.HttpUtils              : ThreadId:1,url:http://127.0.0.1:8080/api/v1/aaa/updateDevice
2018-07-21 20:17:46.670  INFO 91189 --- [main] com.sk.base.utils.HttpUtils              : ThreadId:1,request:deviceSerial=117091953&validateCode=XEQBOK&id=5cc65d7add114c809369903b27be88c7&hospitalName=wsjtest&accessToken=at.082swmc2495iij5sc166t9kwa96ut525-2rsittod5y-0uronzl-iqj9gwg94
2018-07-21 20:17:51.848  INFO 91189 --- [Thread-5] s.c.a.AnnotationConfigApplicationContext : Closing org.springframework.context.annotation.AnnotationConfigApplicationContext@d3957fe: startup date [Sat Jul 21 20:17:41 CST 2018]; root of context hierarchy
2018-07-21 20:31:54.317  INFO 91225 --- [main] com.sk.p2p.TestDeviceService             : Starting TestDeviceService on wangshejiedeMBP.lan with PID 91225 (started by wangshengjie in /Users/wangshengjie/Desktop/mywork/git_home/test/beihang/p2p-camera)
2018-07-21 20:31:54.319 DEBUG 91225 --- [main] com.sk.p2p.TestDeviceService             : Running with Spring Boot v1.5.4.RELEASE, Spring v4.3.9.RELEASE
2018-07-21 20:31:54.319  INFO 91225 --- [main] com.sk.p2p.TestDeviceService             : The following profiles are active: test
2018-07-21 20:31:54.350  INFO 91225 --- [main] s.c.a.AnnotationConfigApplicationContext : Refreshing org.springframework.context.annotation.AnnotationConfigApplicationContext@d3957fe: startup date [Sat Jul 21 20:31:54 CST 2018]; root of context hierarchy
2018-07-21 20:31:54.978  INFO 91225 --- [main] .s.d.r.c.RepositoryConfigurationDelegate : Multiple Spring Data modules found, entering strict repository configuration mode!
2018-07-21 20:31:58.538  INFO 91225 --- [main] com.sk.p2p.TestDeviceService             : Started TestDeviceService in 4.628 seconds (JVM running for 5.722)
2018-07-21 20:31:58.576  INFO 91225 --- [main] com.sk.base.utils.HttpUtils              : ThreadId:1,url:http://127.0.0.1:8080/api/v1/aaa/updateDevice
2018-07-21 20:31:58.579  INFO 91225 --- [main] com.sk.base.utils.HttpUtils              : ThreadId:1,request:deviceSerial=117091953&validateCode=XEQBOK&id=5cc65d7add114c809369903b27be88c7&hospitalName=wsjtest&accessToken=at.082swmc2495iij5sc166t9kwa96ut525-2rsittod5y-0uronzl-iqj9gwg94
2018-07-21 20:32:03.738  INFO 91225 --- [Thread-5] s.c.a.AnnotationConfigApplicationContext : Closing org.springframework.context.annotation.AnnotationConfigApplicationContext@d3957fe: startup date [Sat Jul 21 20:31:54 CST 2018]; root of context hierarchy
2018-07-21 20:33:03.476  INFO 91233 --- [main] com.sk.p2p.TestDeviceService             : Starting TestDeviceService on wangshejiedeMBP.lan with PID 91233 (started by wangshengjie in /Users/wangshengjie/Desktop/mywork/git_home/test/beihang/p2p-camera)
2018-07-21 20:33:03.479 DEBUG 91233 --- [main] com.sk.p2p.TestDeviceService             : Running with Spring Boot v1.5.4.RELEASE, Spring v4.3.9.RELEASE
2018-07-21 20:33:03.479  INFO 91233 --- [main] com.sk.p2p.TestDeviceService             : The following profiles are active: test
2018-07-21 20:33:03.512  INFO 91233 --- [main] s.c.a.AnnotationConfigApplicationContext : Refreshing org.springframework.context.annotation.AnnotationConfigApplicationContext@3e821657: startup date [Sat Jul 21 20:33:03 CST 2018]; root of context hierarchy
2018-07-21 20:33:04.152  INFO 91233 --- [main] .s.d.r.c.RepositoryConfigurationDelegate : Multiple Spring Data modules found, entering strict repository configuration mode!
2018-07-21 20:33:07.720  INFO 91233 --- [main] com.sk.p2p.TestDeviceService             : Started TestDeviceService in 4.648 seconds (JVM running for 5.646)
2018-07-21 20:33:07.759  INFO 91233 --- [main] com.sk.base.utils.HttpUtils              : ThreadId:1,url:http://127.0.0.1:8080/api/v1/aaa/updateDevice
2018-07-21 20:33:07.762  INFO 91233 --- [main] com.sk.base.utils.HttpUtils              : ThreadId:1,request:deviceSerial=117091953&validateCode=XEQBOK&id=5cc65d7add114c809369903b27be88c7&hospitalName=wsjtest&accessToken=at.082swmc2495iij5sc166t9kwa96ut525-2rsittod5y-0uronzl-iqj9gwg94
2018-07-21 20:33:12.924  INFO 91233 --- [Thread-5] s.c.a.AnnotationConfigApplicationContext : Closing org.springframework.context.annotation.AnnotationConfigApplicationContext@3e821657: startup date [Sat Jul 21 20:33:03 CST 2018]; root of context hierarchy
2018-07-21 20:34:45.364  INFO 91240 --- [main] com.sk.p2p.TestDeviceService             : Starting TestDeviceService on wangshejiedeMBP.lan with PID 91240 (started by wangshengjie in /Users/wangshengjie/Desktop/mywork/git_home/test/beihang/p2p-camera)
2018-07-21 20:34:45.366 DEBUG 91240 --- [main] com.sk.p2p.TestDeviceService             : Running with Spring Boot v1.5.4.RELEASE, Spring v4.3.9.RELEASE
2018-07-21 20:34:45.366  INFO 91240 --- [main] com.sk.p2p.TestDeviceService             : The following profiles are active: test
2018-07-21 20:34:45.394  INFO 91240 --- [main] s.c.a.AnnotationConfigApplicationContext : Refreshing org.springframework.context.annotation.AnnotationConfigApplicationContext@3e821657: startup date [Sat Jul 21 20:34:45 CST 2018]; root of context hierarchy
2018-07-21 20:34:46.050  INFO 91240 --- [main] .s.d.r.c.RepositoryConfigurationDelegate : Multiple Spring Data modules found, entering strict repository configuration mode!
2018-07-21 20:34:49.471  INFO 91240 --- [main] com.sk.p2p.TestDeviceService             : Started TestDeviceService in 4.479 seconds (JVM running for 5.5)
2018-07-21 20:34:49.510  INFO 91240 --- [main] com.sk.base.utils.HttpUtils              : ThreadId:1,url:http://127.0.0.1:8080/api/v1/aaa/updateDevice
2018-07-21 20:34:49.513  INFO 91240 --- [main] com.sk.base.utils.HttpUtils              : ThreadId:1,request:deviceSerial=117091953&validateCode=XEQBOK&id=5cc65d7add114c809369903b27be88c7&hospitalName=wsjtest&accessToken=at.082swmc2495iij5sc166t9kwa96ut525-2rsittod5y-0uronzl-iqj9gwg94
2018-07-21 20:34:54.684  INFO 91240 --- [Thread-5] s.c.a.AnnotationConfigApplicationContext : Closing org.springframework.context.annotation.AnnotationConfigApplicationContext@3e821657: startup date [Sat Jul 21 20:34:45 CST 2018]; root of context hierarchy
2018-07-21 20:37:39.959  INFO 91256 --- [main] com.sk.p2p.TestDeviceService             : Starting TestDeviceService on wangshejiedeMBP.lan with PID 91256 (started by wangshengjie in /Users/wangshengjie/Desktop/mywork/git_home/test/beihang/p2p-camera)
2018-07-21 20:37:39.961 DEBUG 91256 --- [main] com.sk.p2p.TestDeviceService             : Running with Spring Boot v1.5.4.RELEASE, Spring v4.3.9.RELEASE
2018-07-21 20:37:39.961  INFO 91256 --- [main] com.sk.p2p.TestDeviceService             : The following profiles are active: test
2018-07-21 20:37:39.993  INFO 91256 --- [main] s.c.a.AnnotationConfigApplicationContext : Refreshing org.springframework.context.annotation.AnnotationConfigApplicationContext@3e821657: startup date [Sat Jul 21 20:37:39 CST 2018]; root of context hierarchy
2018-07-21 20:37:40.597  INFO 91256 --- [main] .s.d.r.c.RepositoryConfigurationDelegate : Multiple Spring Data modules found, entering strict repository configuration mode!
2018-07-21 20:37:43.878  INFO 91256 --- [main] com.sk.p2p.TestDeviceService             : Started TestDeviceService in 4.262 seconds (JVM running for 5.19)
2018-07-21 20:37:43.918  INFO 91256 --- [main] com.sk.base.utils.HttpUtils              : ThreadId:1,url:http://127.0.0.1:8080/api/v1/aaa/updateDevice
2018-07-21 20:37:43.921  INFO 91256 --- [main] com.sk.base.utils.HttpUtils              : ThreadId:1,request:deviceSerial=117091953&validateCode=XEQBOK&id=5cc65d7add114c809369903b27be88c7&hospitalName=wsjtest&accessToken=at.082swmc2495iij5sc166t9kwa96ut525-2rsittod5y-0uronzl-iqj9gwg94
2018-07-21 20:37:49.085  INFO 91256 --- [Thread-5] s.c.a.AnnotationConfigApplicationContext : Closing org.springframework.context.annotation.AnnotationConfigApplicationContext@3e821657: startup date [Sat Jul 21 20:37:39 CST 2018]; root of context hierarchy
2018-07-21 20:38:10.527  INFO 91262 --- [main] com.sk.p2p.TestDeviceService             : Starting TestDeviceService on wangshejiedeMBP.lan with PID 91262 (started by wangshengjie in /Users/wangshengjie/Desktop/mywork/git_home/test/beihang/p2p-camera)
2018-07-21 20:38:10.529 DEBUG 91262 --- [main] com.sk.p2p.TestDeviceService             : Running with Spring Boot v1.5.4.RELEASE, Spring v4.3.9.RELEASE
2018-07-21 20:38:10.530  INFO 91262 --- [main] com.sk.p2p.TestDeviceService             : The following profiles are active: test
2018-07-21 20:38:10.565  INFO 91262 --- [main] s.c.a.AnnotationConfigApplicationContext : Refreshing org.springframework.context.annotation.AnnotationConfigApplicationContext@1d131e1b: startup date [Sat Jul 21 20:38:10 CST 2018]; root of context hierarchy
2018-07-21 20:38:11.176  INFO 91262 --- [main] .s.d.r.c.RepositoryConfigurationDelegate : Multiple Spring Data modules found, entering strict repository configuration mode!
2018-07-21 20:38:14.535  INFO 91262 --- [main] com.sk.p2p.TestDeviceService             : Started TestDeviceService in 4.359 seconds (JVM running for 5.432)
2018-07-21 20:38:14.580  INFO 91262 --- [main] com.sk.base.utils.HttpUtils              : ThreadId:1,url:http://127.0.0.1:8080/api/v1/aaa/updateDevice
2018-07-21 20:38:14.583  INFO 91262 --- [main] com.sk.base.utils.HttpUtils              : ThreadId:1,request:deviceSerial=117091953&validateCode=XEQBOK&id=5cc65d7add114c809369903b27be88c7&hospitalName=wsjtest&accessToken=at.082swmc2495iij5sc166t9kwa96ut525-2rsittod5y-0uronzl-iqj9gwg94
2018-07-21 20:38:19.735  INFO 91262 --- [Thread-5] s.c.a.AnnotationConfigApplicationContext : Closing org.springframework.context.annotation.AnnotationConfigApplicationContext@1d131e1b: startup date [Sat Jul 21 20:38:10 CST 2018]; root of context hierarchy
2018-07-21 20:39:15.751  INFO 91273 --- [main] com.sk.p2p.TestDeviceService             : Starting TestDeviceService on wangshejiedeMBP.lan with PID 91273 (started by wangshengjie in /Users/wangshengjie/Desktop/mywork/git_home/test/beihang/p2p-camera)
2018-07-21 20:39:15.753 DEBUG 91273 --- [main] com.sk.p2p.TestDeviceService             : Running with Spring Boot v1.5.4.RELEASE, Spring v4.3.9.RELEASE
2018-07-21 20:39:15.753  INFO 91273 --- [main] com.sk.p2p.TestDeviceService             : The following profiles are active: test
2018-07-21 20:39:15.780  INFO 91273 --- [main] s.c.a.AnnotationConfigApplicationContext : Refreshing org.springframework.context.annotation.AnnotationConfigApplicationContext@3e821657: startup date [Sat Jul 21 20:39:15 CST 2018]; root of context hierarchy
2018-07-21 20:39:16.423  INFO 91273 --- [main] .s.d.r.c.RepositoryConfigurationDelegate : Multiple Spring Data modules found, entering strict repository configuration mode!
2018-07-21 20:39:19.658  INFO 91273 --- [main] com.sk.p2p.TestDeviceService             : Started TestDeviceService in 4.715 seconds (JVM running for 5.682)
2018-07-21 20:39:19.703  INFO 91273 --- [main] com.sk.base.utils.HttpUtils              : ThreadId:1,url:http://127.0.0.1:8080/api/v1/aaa/updateDevice
2018-07-21 20:39:19.706  INFO 91273 --- [main] com.sk.base.utils.HttpUtils              : ThreadId:1,request:deviceSerial=117091953&validateCode=XEQBOK&id=5cc65d7add114c809369903b27be88c7&hospitalName=wsjtest&accessToken=at.082swmc2495iij5sc166t9kwa96ut525-2rsittod5y-0uronzl-iqj9gwg94
2018-07-21 20:39:24.873  INFO 91273 --- [Thread-5] s.c.a.AnnotationConfigApplicationContext : Closing org.springframework.context.annotation.AnnotationConfigApplicationContext@3e821657: startup date [Sat Jul 21 20:39:15 CST 2018]; root of context hierarchy
2018-07-31 00:38:11.786  INFO 57465 --- [main] com.sk.p2p.TestDeviceService             : Starting TestDeviceService on wangshejiedeMBP.lan with PID 57465 (started by wangshengjie in /Users/wangshengjie/Desktop/mywork/git_home/test/beihang/p2p-camera)
2018-07-31 00:38:11.789 DEBUG 57465 --- [main] com.sk.p2p.TestDeviceService             : Running with Spring Boot v1.5.4.RELEASE, Spring v4.3.9.RELEASE
2018-07-31 00:38:11.789  INFO 57465 --- [main] com.sk.p2p.TestDeviceService             : The following profiles are active: test
2018-07-31 00:38:11.824  INFO 57465 --- [main] s.c.a.AnnotationConfigApplicationContext : Refreshing org.springframework.context.annotation.AnnotationConfigApplicationContext@6622fc65: startup date [Tue Jul 31 00:38:11 CST 2018]; root of context hierarchy
2018-07-31 00:38:12.546  INFO 57465 --- [main] .s.d.r.c.RepositoryConfigurationDelegate : Multiple Spring Data modules found, entering strict repository configuration mode!
2018-07-31 00:38:16.533  INFO 57465 --- [main] com.sk.p2p.TestDeviceService             : Started TestDeviceService in 5.179 seconds (JVM running for 6.409)
2018-07-31 00:38:16.592  INFO 57465 --- [main] com.sk.base.utils.HttpUtils              : ThreadId:1,url:http://127.0.0.1:8080/api/v1/aaa/selectAll
2018-07-31 00:38:16.596  INFO 57465 --- [main] com.sk.base.utils.HttpUtils              : ThreadId:1,request:deviceSerial=117091953&validateCode=XEQBOK&id=5cc65d7add114c809369903b27be88c7&hospitalName=wsjtest&accessToken=at.082swmc2495iij5sc166t9kwa96ut525-2rsittod5y-0uronzl-iqj9gwg94
2018-07-31 00:38:18.393  INFO 57465 --- [main] com.sk.base.utils.HttpUtils              : ThreadId:1,response:{"state":"SUCCESS","message":"[{\"del\":0,\"herbsName\":\"wsjtest\",\"id\":\"5cc65d7add114c809369903b27be88c7\",\"version\":0},{\"del\":0,\"hospitalName\":\"117091953\",\"id\":\"d4aec18e460d475c84ccda895a9d8e4d\",\"supplierName\":\"XEQBOK\",\"version\":0},{\"del\":0,\"hospitalName\":\"117091953\",\"id\":\"deb92237658541428b18f767474f8ba0\",\"supplierName\":\"XEQBOK\",\"version\":0},{\"del\":0,\"hospitalName\":\"117091953\",\"id\":\"e876e54e21584e089e4b1f05c410e350\",\"supplierName\":\"XEQBOK\",\"version\":0},{\"cooperationTime\":\"cooperationTime\",\"del\":0,\"herbsName\":\"herbsName\",\"hospitalName\":\"hospitalName\",\"id\":\"id\",\"supplierName\":\"supplierName\",\"version\":0}]","code":"0","timestamp":"20180731003818"}
2018-07-31 00:38:18.399  INFO 57465 --- [Thread-5] s.c.a.AnnotationConfigApplicationContext : Closing org.springframework.context.annotation.AnnotationConfigApplicationContext@6622fc65: startup date [Tue Jul 31 00:38:11 CST 2018]; root of context hierarchy
